<?xml version="1.0" encoding="UTF-8"?>
<!-- Generated by org.testng.reporters.JUnitReportReporter -->
<testsuite hostname="LAPTOP-7N50JD64" name="com.maven.Project1.DashTest" tests="1" failures="0" timestamp="12 May 2020 06:27:10 GMT" time="5.654" errors="0">
  <testcase name="loginData" time="5.654" classname="com.maven.Project1.DashTest"/>
</testsuite> <!-- com.maven.Project1.DashTest -->
