<?xml version="1.0" encoding="UTF-8"?>
<!-- Generated by org.testng.reporters.JUnitReportReporter -->
<testsuite hostname="LAPTOP-7N50JD64" name="com.maven.Project1.LoginTest" tests="1" failures="0" timestamp="12 May 2020 06:27:10 GMT" time="12.807" errors="0">
  <testcase name="loginData" time="12.807" classname="com.maven.Project1.LoginTest"/>
</testsuite> <!-- com.maven.Project1.LoginTest -->
